04-16-2018 @ 19:46:30 - 
====Stripe Version: 4.1.0====
====Start Log====
Error: Det gick inte att verifiera domän - hemlig nyckel saknas.
====End Log====


05-05-2018 @ 21:12:00 - 
====Stripe Version: 4.1.2====
====Start Log====
Keys are not set correctly.
====End Log====


05-05-2018 @ 21:13:03 - 
====Stripe Version: 4.1.2====
====Start Log====
Keys are not set correctly.
====End Log====


05-12-2018 @ 19:36:19 - 
====Stripe Version: 4.1.3====
====Start Log====
Keys are not set correctly.
====End Log====


05-13-2018 @ 15:23:48 - 
====Stripe Version: 4.1.3====
====Start Log====
Keys are not set correctly.
====End Log====


05-13-2018 @ 16:12:37 - 
====Stripe Version: 4.1.3====
====Start Log====
Keys are not set correctly.
====End Log====


05-13-2018 @ 16:14:35 - 
====Stripe Version: 4.1.3====
====Start Log====
Keys are not set correctly.
====End Log====


05-13-2018 @ 16:14:42 - 
====Stripe Version: 4.1.3====
====Start Log====
Keys are not set correctly.
====End Log====


05-13-2018 @ 16:15:12 - 
====Stripe Version: 4.1.3====
====Start Log====
Keys are not set correctly.
====End Log====


05-13-2018 @ 16:38:02 - 
====Stripe Version: 4.1.3====
====Start Log====
Keys are not set correctly.
====End Log====


05-13-2018 @ 16:40:37 - 
====Stripe Version: 4.1.3====
====Start Log====
Keys are not set correctly.
====End Log====


05-13-2018 @ 16:41:22 - 
====Stripe Version: 4.1.3====
====Start Log====
Keys are not set correctly.
====End Log====


